2024-05-22 22:44:41,359 INFO o.h.v.i.u.Version [background-preinit] HV000001: Hibernate Validator 8.0.1.Final
2024-05-22 22:44:41,396 INFO i.p.t.TelegramBotApplication [main] Starting TelegramBotApplication using Java 22 with PID 8984 (C:\Users\пользователь\Downloads\PunsBot-master\PunsBot-master\telegram-joke-bot-main\target\classes started by пользователь in C:\Users\пользователь\Downloads\PunsBot-master)
2024-05-22 22:44:41,396 DEBUG i.p.t.TelegramBotApplication [main] Running with Spring Boot v3.0.1, Spring v6.0.3
2024-05-22 22:44:41,397 INFO i.p.t.TelegramBotApplication [main] No active profile set, falling back to 1 default profile: "default"
2024-05-22 22:44:41,898 INFO o.s.d.r.c.RepositoryConfigurationDelegate [main] Bootstrapping Spring Data JPA repositories in DEFAULT mode.
2024-05-22 22:44:41,953 INFO o.s.d.r.c.RepositoryConfigurationDelegate [main] Finished Spring Data repository scanning in 38 ms. Found 1 JPA repository interfaces.
2024-05-22 22:44:42,382 INFO o.s.b.w.e.t.TomcatWebServer [main] Tomcat initialized with port(s): 8082 (http)
2024-05-22 22:44:42,398 INFO o.a.c.h.Http11NioProtocol [main] Initializing ProtocolHandler ["http-nio-8082"]
2024-05-22 22:44:42,399 INFO o.a.c.c.StandardService [main] Starting service [Tomcat]
2024-05-22 22:44:42,399 INFO o.a.c.c.StandardEngine [main] Starting Servlet engine: [Apache Tomcat/10.1.4]
2024-05-22 22:44:42,491 INFO o.a.c.c.C.[.[.[/] [main] Initializing Spring embedded WebApplicationContext
2024-05-22 22:44:42,491 INFO o.s.b.w.s.c.ServletWebServerApplicationContext [main] Root WebApplicationContext: initialization completed in 1058 ms
2024-05-22 22:44:42,611 INFO o.h.j.i.u.LogHelper [main] HHH000204: Processing PersistenceUnitInfo [name: default]
2024-05-22 22:44:42,653 INFO o.h.Version [main] HHH000412: Hibernate ORM core version 6.1.6.Final
2024-05-22 22:44:42,803 WARN o.h.o.deprecation [main] HHH90000021: Encountered deprecated setting [javax.persistence.sharedCache.mode], use [jakarta.persistence.sharedCache.mode] instead
2024-05-22 22:44:42,905 INFO c.z.h.HikariDataSource [main] HikariPool-1 - Starting...
2024-05-22 22:44:43,049 INFO c.z.h.p.HikariPool [main] HikariPool-1 - Added connection org.postgresql.jdbc.PgConnection@d120d7c
2024-05-22 22:44:43,051 INFO c.z.h.HikariDataSource [main] HikariPool-1 - Start completed.
2024-05-22 22:44:43,078 INFO SQL dialect [main] HHH000400: Using dialect: org.hibernate.dialect.PostgreSQLDialect
2024-05-22 22:44:43,709 INFO o.h.e.t.j.p.i.JtaPlatformInitiator [main] HHH000490: Using JtaPlatform implementation: [org.hibernate.engine.transaction.jta.platform.internal.NoJtaPlatform]
2024-05-22 22:44:43,717 INFO o.s.o.j.LocalContainerEntityManagerFactoryBean [main] Initialized JPA EntityManagerFactory for persistence unit 'default'
2024-05-22 22:44:43,733 WARN o.s.b.w.s.c.AnnotationConfigServletWebServerApplicationContext [main] Exception encountered during context initialization - cancelling refresh attempt: org.springframework.beans.factory.UnsatisfiedDependencyException: Error creating bean with name 'botInitializer' defined in file [C:\Users\пользователь\Downloads\PunsBot-master\PunsBot-master\telegram-joke-bot-main\target\classes\io\proj3ct\telegramjokebot\config\BotInitializer.class]: Unsatisfied dependency expressed through constructor parameter 0: No qualifying bean of type 'io.proj3ct.telegramjokebot.service.TelegramBot' available: expected at least 1 bean which qualifies as autowire candidate. Dependency annotations: {}
2024-05-22 22:44:43,733 INFO o.s.o.j.LocalContainerEntityManagerFactoryBean [main] Closing JPA EntityManagerFactory for persistence unit 'default'
2024-05-22 22:44:43,735 INFO c.z.h.HikariDataSource [main] HikariPool-1 - Shutdown initiated...
2024-05-22 22:44:43,779 INFO c.z.h.HikariDataSource [main] HikariPool-1 - Shutdown completed.
2024-05-22 22:44:43,781 INFO o.a.c.c.StandardService [main] Stopping service [Tomcat]
2024-05-22 22:44:43,788 INFO o.s.b.a.l.ConditionEvaluationReportLogger [main] 

Error starting ApplicationContext. To display the condition evaluation report re-run your application with 'debug' enabled.
2024-05-22 22:44:43,807 ERROR o.s.b.d.LoggingFailureAnalysisReporter [main] 

***************************
APPLICATION FAILED TO START
***************************

Description:

Parameter 0 of constructor in io.proj3ct.telegramjokebot.config.BotInitializer required a bean of type 'io.proj3ct.telegramjokebot.service.TelegramBot' that could not be found.


Action:

Consider defining a bean of type 'io.proj3ct.telegramjokebot.service.TelegramBot' in your configuration.

2024-05-22 23:29:47,046 INFO o.h.v.i.u.Version [background-preinit] HV000001: Hibernate Validator 8.0.1.Final
2024-05-22 23:29:47,080 INFO i.p.t.TelegramBotApplication [main] Starting TelegramBotApplication using Java 22 with PID 18752 (C:\Users\пользователь\Downloads\PunsBot-master\PunsBot-master\telegram-joke-bot-main\target\classes started by пользователь in C:\Users\пользователь\Downloads\PunsBot-master)
2024-05-22 23:29:47,081 DEBUG i.p.t.TelegramBotApplication [main] Running with Spring Boot v3.0.1, Spring v6.0.3
2024-05-22 23:29:47,081 INFO i.p.t.TelegramBotApplication [main] No active profile set, falling back to 1 default profile: "default"
2024-05-22 23:29:47,574 INFO o.s.d.r.c.RepositoryConfigurationDelegate [main] Bootstrapping Spring Data JPA repositories in DEFAULT mode.
2024-05-22 23:29:47,617 INFO o.s.d.r.c.RepositoryConfigurationDelegate [main] Finished Spring Data repository scanning in 37 ms. Found 1 JPA repository interfaces.
2024-05-22 23:29:47,997 INFO o.s.b.w.e.t.TomcatWebServer [main] Tomcat initialized with port(s): 8082 (http)
2024-05-22 23:29:48,005 INFO o.a.c.h.Http11NioProtocol [main] Initializing ProtocolHandler ["http-nio-8082"]
2024-05-22 23:29:48,005 INFO o.a.c.c.StandardService [main] Starting service [Tomcat]
2024-05-22 23:29:48,005 INFO o.a.c.c.StandardEngine [main] Starting Servlet engine: [Apache Tomcat/10.1.4]
2024-05-22 23:29:48,095 INFO o.a.c.c.C.[.[.[/] [main] Initializing Spring embedded WebApplicationContext
2024-05-22 23:29:48,095 INFO o.s.b.w.s.c.ServletWebServerApplicationContext [main] Root WebApplicationContext: initialization completed in 971 ms
2024-05-22 23:29:48,203 INFO o.h.j.i.u.LogHelper [main] HHH000204: Processing PersistenceUnitInfo [name: default]
2024-05-22 23:29:48,250 INFO o.h.Version [main] HHH000412: Hibernate ORM core version 6.1.6.Final
2024-05-22 23:29:48,394 WARN o.h.o.deprecation [main] HHH90000021: Encountered deprecated setting [javax.persistence.sharedCache.mode], use [jakarta.persistence.sharedCache.mode] instead
2024-05-22 23:29:48,493 INFO c.z.h.HikariDataSource [main] HikariPool-1 - Starting...
2024-05-22 23:29:48,633 INFO c.z.h.p.HikariPool [main] HikariPool-1 - Added connection org.postgresql.jdbc.PgConnection@d120d7c
2024-05-22 23:29:48,635 INFO c.z.h.HikariDataSource [main] HikariPool-1 - Start completed.
2024-05-22 23:29:48,661 INFO SQL dialect [main] HHH000400: Using dialect: org.hibernate.dialect.PostgreSQLDialect
2024-05-22 23:29:49,304 INFO o.h.e.t.j.p.i.JtaPlatformInitiator [main] HHH000490: Using JtaPlatform implementation: [org.hibernate.engine.transaction.jta.platform.internal.NoJtaPlatform]
2024-05-22 23:29:49,312 INFO o.s.o.j.LocalContainerEntityManagerFactoryBean [main] Initialized JPA EntityManagerFactory for persistence unit 'default'
2024-05-22 23:29:49,323 WARN o.s.b.w.s.c.AnnotationConfigServletWebServerApplicationContext [main] Exception encountered during context initialization - cancelling refresh attempt: org.springframework.beans.factory.UnsatisfiedDependencyException: Error creating bean with name 'botInitializer' defined in file [C:\Users\пользователь\Downloads\PunsBot-master\PunsBot-master\telegram-joke-bot-main\target\classes\io\proj3ct\telegramjokebot\config\BotInitializer.class]: Unsatisfied dependency expressed through constructor parameter 0: No qualifying bean of type 'io.proj3ct.telegramjokebot.service.TelegramBot' available: expected at least 1 bean which qualifies as autowire candidate. Dependency annotations: {}
2024-05-22 23:29:49,324 INFO o.s.o.j.LocalContainerEntityManagerFactoryBean [main] Closing JPA EntityManagerFactory for persistence unit 'default'
2024-05-22 23:29:49,326 INFO c.z.h.HikariDataSource [main] HikariPool-1 - Shutdown initiated...
2024-05-22 23:29:49,329 INFO c.z.h.HikariDataSource [main] HikariPool-1 - Shutdown completed.
2024-05-22 23:29:49,331 INFO o.a.c.c.StandardService [main] Stopping service [Tomcat]
2024-05-22 23:29:49,339 INFO o.s.b.a.l.ConditionEvaluationReportLogger [main] 

Error starting ApplicationContext. To display the condition evaluation report re-run your application with 'debug' enabled.
2024-05-22 23:29:49,357 ERROR o.s.b.d.LoggingFailureAnalysisReporter [main] 

***************************
APPLICATION FAILED TO START
***************************

Description:

Parameter 0 of constructor in io.proj3ct.telegramjokebot.config.BotInitializer required a bean of type 'io.proj3ct.telegramjokebot.service.TelegramBot' that could not be found.


Action:

Consider defining a bean of type 'io.proj3ct.telegramjokebot.service.TelegramBot' in your configuration.

2024-05-22 23:50:18,464 INFO o.h.v.i.u.Version [background-preinit] HV000001: Hibernate Validator 8.0.1.Final
2024-05-22 23:50:18,500 INFO i.p.t.TelegramBotApplication [main] Starting TelegramBotApplication using Java 22 with PID 19172 (C:\Users\пользователь\Downloads\PunsBot-master\PunsBot-master\telegram-joke-bot-main\target\classes started by пользователь in C:\Users\пользователь\Downloads\PunsBot-master)
2024-05-22 23:50:18,500 DEBUG i.p.t.TelegramBotApplication [main] Running with Spring Boot v3.0.1, Spring v6.0.3
2024-05-22 23:50:18,500 INFO i.p.t.TelegramBotApplication [main] No active profile set, falling back to 1 default profile: "default"
2024-05-22 23:50:19,017 INFO o.s.d.r.c.RepositoryConfigurationDelegate [main] Bootstrapping Spring Data JPA repositories in DEFAULT mode.
2024-05-22 23:50:19,063 INFO o.s.d.r.c.RepositoryConfigurationDelegate [main] Finished Spring Data repository scanning in 39 ms. Found 1 JPA repository interfaces.
2024-05-22 23:50:19,473 INFO o.s.b.w.e.t.TomcatWebServer [main] Tomcat initialized with port(s): 8082 (http)
2024-05-22 23:50:19,481 INFO o.a.c.h.Http11NioProtocol [main] Initializing ProtocolHandler ["http-nio-8082"]
2024-05-22 23:50:19,482 INFO o.a.c.c.StandardService [main] Starting service [Tomcat]
2024-05-22 23:50:19,482 INFO o.a.c.c.StandardEngine [main] Starting Servlet engine: [Apache Tomcat/10.1.4]
2024-05-22 23:50:19,571 INFO o.a.c.c.C.[.[.[/] [main] Initializing Spring embedded WebApplicationContext
2024-05-22 23:50:19,571 INFO o.s.b.w.s.c.ServletWebServerApplicationContext [main] Root WebApplicationContext: initialization completed in 1022 ms
2024-05-22 23:50:19,685 INFO o.h.j.i.u.LogHelper [main] HHH000204: Processing PersistenceUnitInfo [name: default]
2024-05-22 23:50:19,738 INFO o.h.Version [main] HHH000412: Hibernate ORM core version 6.1.6.Final
2024-05-22 23:50:19,892 WARN o.h.o.deprecation [main] HHH90000021: Encountered deprecated setting [javax.persistence.sharedCache.mode], use [jakarta.persistence.sharedCache.mode] instead
2024-05-22 23:50:20,003 INFO c.z.h.HikariDataSource [main] HikariPool-1 - Starting...
2024-05-22 23:50:20,152 INFO c.z.h.p.HikariPool [main] HikariPool-1 - Added connection org.postgresql.jdbc.PgConnection@30d15e4a
2024-05-22 23:50:20,154 INFO c.z.h.HikariDataSource [main] HikariPool-1 - Start completed.
2024-05-22 23:50:20,187 INFO SQL dialect [main] HHH000400: Using dialect: org.hibernate.dialect.PostgreSQLDialect
2024-05-22 23:50:20,842 INFO o.h.e.t.j.p.i.JtaPlatformInitiator [main] HHH000490: Using JtaPlatform implementation: [org.hibernate.engine.transaction.jta.platform.internal.NoJtaPlatform]
2024-05-22 23:50:20,850 INFO o.s.o.j.LocalContainerEntityManagerFactoryBean [main] Initialized JPA EntityManagerFactory for persistence unit 'default'
2024-05-22 23:50:20,861 WARN o.s.b.w.s.c.AnnotationConfigServletWebServerApplicationContext [main] Exception encountered during context initialization - cancelling refresh attempt: org.springframework.beans.factory.UnsatisfiedDependencyException: Error creating bean with name 'botInitializer' defined in file [C:\Users\пользователь\Downloads\PunsBot-master\PunsBot-master\telegram-joke-bot-main\target\classes\io\proj3ct\telegramjokebot\config\BotInitializer.class]: Unsatisfied dependency expressed through constructor parameter 0: No qualifying bean of type 'io.proj3ct.telegramjokebot.service.TelegramBot' available: expected at least 1 bean which qualifies as autowire candidate. Dependency annotations: {}
2024-05-22 23:50:20,862 INFO o.s.o.j.LocalContainerEntityManagerFactoryBean [main] Closing JPA EntityManagerFactory for persistence unit 'default'
2024-05-22 23:50:20,864 INFO c.z.h.HikariDataSource [main] HikariPool-1 - Shutdown initiated...
2024-05-22 23:50:20,866 INFO c.z.h.HikariDataSource [main] HikariPool-1 - Shutdown completed.
2024-05-22 23:50:20,868 INFO o.a.c.c.StandardService [main] Stopping service [Tomcat]
2024-05-22 23:50:20,876 INFO o.s.b.a.l.ConditionEvaluationReportLogger [main] 

Error starting ApplicationContext. To display the condition evaluation report re-run your application with 'debug' enabled.
2024-05-22 23:50:20,895 ERROR o.s.b.d.LoggingFailureAnalysisReporter [main] 

***************************
APPLICATION FAILED TO START
***************************

Description:

Parameter 0 of constructor in io.proj3ct.telegramjokebot.config.BotInitializer required a bean of type 'io.proj3ct.telegramjokebot.service.TelegramBot' that could not be found.


Action:

Consider defining a bean of type 'io.proj3ct.telegramjokebot.service.TelegramBot' in your configuration.

2024-05-22 23:50:38,664 INFO o.h.v.i.u.Version [background-preinit] HV000001: Hibernate Validator 8.0.1.Final
2024-05-22 23:50:38,696 INFO i.p.t.TelegramBotApplication [main] Starting TelegramBotApplication using Java 22 with PID 8 (C:\Users\пользователь\Downloads\PunsBot-master\PunsBot-master\telegram-joke-bot-main\target\classes started by пользователь in C:\Users\пользователь\Downloads\PunsBot-master)
2024-05-22 23:50:38,696 DEBUG i.p.t.TelegramBotApplication [main] Running with Spring Boot v3.0.1, Spring v6.0.3
2024-05-22 23:50:38,697 INFO i.p.t.TelegramBotApplication [main] No active profile set, falling back to 1 default profile: "default"
2024-05-22 23:50:39,203 INFO o.s.d.r.c.RepositoryConfigurationDelegate [main] Bootstrapping Spring Data JPA repositories in DEFAULT mode.
2024-05-22 23:50:39,249 INFO o.s.d.r.c.RepositoryConfigurationDelegate [main] Finished Spring Data repository scanning in 40 ms. Found 1 JPA repository interfaces.
2024-05-22 23:50:39,624 INFO o.s.b.w.e.t.TomcatWebServer [main] Tomcat initialized with port(s): 8082 (http)
2024-05-22 23:50:39,634 INFO o.a.c.h.Http11NioProtocol [main] Initializing ProtocolHandler ["http-nio-8082"]
2024-05-22 23:50:39,634 INFO o.a.c.c.StandardService [main] Starting service [Tomcat]
2024-05-22 23:50:39,634 INFO o.a.c.c.StandardEngine [main] Starting Servlet engine: [Apache Tomcat/10.1.4]
2024-05-22 23:50:39,711 INFO o.a.c.c.C.[.[.[/] [main] Initializing Spring embedded WebApplicationContext
2024-05-22 23:50:39,711 INFO o.s.b.w.s.c.ServletWebServerApplicationContext [main] Root WebApplicationContext: initialization completed in 970 ms
2024-05-22 23:50:39,818 INFO o.h.j.i.u.LogHelper [main] HHH000204: Processing PersistenceUnitInfo [name: default]
2024-05-22 23:50:39,863 INFO o.h.Version [main] HHH000412: Hibernate ORM core version 6.1.6.Final
2024-05-22 23:50:39,995 WARN o.h.o.deprecation [main] HHH90000021: Encountered deprecated setting [javax.persistence.sharedCache.mode], use [jakarta.persistence.sharedCache.mode] instead
2024-05-22 23:50:40,095 INFO c.z.h.HikariDataSource [main] HikariPool-1 - Starting...
2024-05-22 23:50:40,235 INFO c.z.h.p.HikariPool [main] HikariPool-1 - Added connection org.postgresql.jdbc.PgConnection@650a1aff
2024-05-22 23:50:40,236 INFO c.z.h.HikariDataSource [main] HikariPool-1 - Start completed.
2024-05-22 23:50:40,261 INFO SQL dialect [main] HHH000400: Using dialect: org.hibernate.dialect.PostgreSQLDialect
2024-05-22 23:50:40,894 INFO o.h.e.t.j.p.i.JtaPlatformInitiator [main] HHH000490: Using JtaPlatform implementation: [org.hibernate.engine.transaction.jta.platform.internal.NoJtaPlatform]
2024-05-22 23:50:40,901 INFO o.s.o.j.LocalContainerEntityManagerFactoryBean [main] Initialized JPA EntityManagerFactory for persistence unit 'default'
2024-05-22 23:50:40,912 WARN o.s.b.w.s.c.AnnotationConfigServletWebServerApplicationContext [main] Exception encountered during context initialization - cancelling refresh attempt: org.springframework.beans.factory.UnsatisfiedDependencyException: Error creating bean with name 'botInitializer' defined in file [C:\Users\пользователь\Downloads\PunsBot-master\PunsBot-master\telegram-joke-bot-main\target\classes\io\proj3ct\telegramjokebot\config\BotInitializer.class]: Unsatisfied dependency expressed through constructor parameter 0: No qualifying bean of type 'io.proj3ct.telegramjokebot.service.TelegramBot' available: expected at least 1 bean which qualifies as autowire candidate. Dependency annotations: {}
2024-05-22 23:50:40,913 INFO o.s.o.j.LocalContainerEntityManagerFactoryBean [main] Closing JPA EntityManagerFactory for persistence unit 'default'
2024-05-22 23:50:40,915 INFO c.z.h.HikariDataSource [main] HikariPool-1 - Shutdown initiated...
2024-05-22 23:50:40,918 INFO c.z.h.HikariDataSource [main] HikariPool-1 - Shutdown completed.
2024-05-22 23:50:40,921 INFO o.a.c.c.StandardService [main] Stopping service [Tomcat]
2024-05-22 23:50:40,929 INFO o.s.b.a.l.ConditionEvaluationReportLogger [main] 

Error starting ApplicationContext. To display the condition evaluation report re-run your application with 'debug' enabled.
2024-05-22 23:50:40,945 ERROR o.s.b.d.LoggingFailureAnalysisReporter [main] 

***************************
APPLICATION FAILED TO START
***************************

Description:

Parameter 0 of constructor in io.proj3ct.telegramjokebot.config.BotInitializer required a bean of type 'io.proj3ct.telegramjokebot.service.TelegramBot' that could not be found.


Action:

Consider defining a bean of type 'io.proj3ct.telegramjokebot.service.TelegramBot' in your configuration.

2024-05-22 23:51:34,528 INFO o.h.v.i.u.Version [background-preinit] HV000001: Hibernate Validator 8.0.1.Final
2024-05-22 23:51:34,566 INFO i.p.t.TelegramBotApplication [main] Starting TelegramBotApplication using Java 22 with PID 11916 (C:\Users\пользователь\Downloads\PunsBot-master\PunsBot-master\telegram-joke-bot-main\target\classes started by пользователь in C:\Users\пользователь\Downloads\PunsBot-master)
2024-05-22 23:51:34,566 DEBUG i.p.t.TelegramBotApplication [main] Running with Spring Boot v3.0.1, Spring v6.0.3
2024-05-22 23:51:34,567 INFO i.p.t.TelegramBotApplication [main] No active profile set, falling back to 1 default profile: "default"
2024-05-22 23:51:35,044 INFO o.s.d.r.c.RepositoryConfigurationDelegate [main] Bootstrapping Spring Data JPA repositories in DEFAULT mode.
2024-05-22 23:51:35,085 INFO o.s.d.r.c.RepositoryConfigurationDelegate [main] Finished Spring Data repository scanning in 35 ms. Found 1 JPA repository interfaces.
2024-05-22 23:51:35,454 INFO o.s.b.w.e.t.TomcatWebServer [main] Tomcat initialized with port(s): 8082 (http)
2024-05-22 23:51:35,461 INFO o.a.c.h.Http11NioProtocol [main] Initializing ProtocolHandler ["http-nio-8082"]
2024-05-22 23:51:35,461 INFO o.a.c.c.StandardService [main] Starting service [Tomcat]
2024-05-22 23:51:35,461 INFO o.a.c.c.StandardEngine [main] Starting Servlet engine: [Apache Tomcat/10.1.4]
2024-05-22 23:51:35,551 INFO o.a.c.c.C.[.[.[/] [main] Initializing Spring embedded WebApplicationContext
2024-05-22 23:51:35,551 INFO o.s.b.w.s.c.ServletWebServerApplicationContext [main] Root WebApplicationContext: initialization completed in 949 ms
2024-05-22 23:51:35,648 INFO o.h.j.i.u.LogHelper [main] HHH000204: Processing PersistenceUnitInfo [name: default]
2024-05-22 23:51:35,693 INFO o.h.Version [main] HHH000412: Hibernate ORM core version 6.1.6.Final
2024-05-22 23:51:35,819 WARN o.h.o.deprecation [main] HHH90000021: Encountered deprecated setting [javax.persistence.sharedCache.mode], use [jakarta.persistence.sharedCache.mode] instead
2024-05-22 23:51:35,916 INFO c.z.h.HikariDataSource [main] HikariPool-1 - Starting...
2024-05-22 23:51:36,049 INFO c.z.h.p.HikariPool [main] HikariPool-1 - Added connection org.postgresql.jdbc.PgConnection@7f642bf
2024-05-22 23:51:36,050 INFO c.z.h.HikariDataSource [main] HikariPool-1 - Start completed.
2024-05-22 23:51:36,075 INFO SQL dialect [main] HHH000400: Using dialect: org.hibernate.dialect.PostgreSQLDialect
2024-05-22 23:51:36,683 INFO o.h.e.t.j.p.i.JtaPlatformInitiator [main] HHH000490: Using JtaPlatform implementation: [org.hibernate.engine.transaction.jta.platform.internal.NoJtaPlatform]
2024-05-22 23:51:36,690 INFO o.s.o.j.LocalContainerEntityManagerFactoryBean [main] Initialized JPA EntityManagerFactory for persistence unit 'default'
2024-05-22 23:51:36,703 WARN o.s.b.w.s.c.AnnotationConfigServletWebServerApplicationContext [main] Exception encountered during context initialization - cancelling refresh attempt: org.springframework.beans.factory.UnsatisfiedDependencyException: Error creating bean with name 'botInitializer' defined in file [C:\Users\пользователь\Downloads\PunsBot-master\PunsBot-master\telegram-joke-bot-main\target\classes\io\proj3ct\telegramjokebot\config\BotInitializer.class]: Unsatisfied dependency expressed through constructor parameter 0: No qualifying bean of type 'io.proj3ct.telegramjokebot.service.TelegramBot' available: expected at least 1 bean which qualifies as autowire candidate. Dependency annotations: {}
2024-05-22 23:51:36,703 INFO o.s.o.j.LocalContainerEntityManagerFactoryBean [main] Closing JPA EntityManagerFactory for persistence unit 'default'
2024-05-22 23:51:36,705 INFO c.z.h.HikariDataSource [main] HikariPool-1 - Shutdown initiated...
2024-05-22 23:51:36,728 INFO c.z.h.HikariDataSource [main] HikariPool-1 - Shutdown completed.
2024-05-22 23:51:36,731 INFO o.a.c.c.StandardService [main] Stopping service [Tomcat]
2024-05-22 23:51:36,739 INFO o.s.b.a.l.ConditionEvaluationReportLogger [main] 

Error starting ApplicationContext. To display the condition evaluation report re-run your application with 'debug' enabled.
2024-05-22 23:51:36,758 ERROR o.s.b.d.LoggingFailureAnalysisReporter [main] 

***************************
APPLICATION FAILED TO START
***************************

Description:

Parameter 0 of constructor in io.proj3ct.telegramjokebot.config.BotInitializer required a bean of type 'io.proj3ct.telegramjokebot.service.TelegramBot' that could not be found.


Action:

Consider defining a bean of type 'io.proj3ct.telegramjokebot.service.TelegramBot' in your configuration.

